<?xml version="1.0" encoding="UTF-8"?>
<!-- Generated by org.testng.reporters.JUnitReportReporter -->
<testsuite skipped="1" hostname="LAPTOP-4TN5TG0B" name="AddReportExcelDataTest" tests="3" failures="0" timestamp="29 May 2017 06:11:17 GMT" time="234.687" errors="0">
  <testcase name="setupDriver" time="113.745" classname="AddReportExcelDataTest"/>
  <testcase name="setupDriver" time="120.942" classname="AddReportExcelDataTest"/>
  <testcase name="ReadDataExcelReport" classname="AddReportExcelDataTest">
    <skipped/>
  </testcase> <!-- ReadDataExcelReport -->
</testsuite> <!-- AddReportExcelDataTest -->
